batch_i 6 loss 20.496817111968994
batch_i 7 loss 19.550199508666992
batch_i 8 loss 18.471095085144043
batch_i 9 loss 17.556966781616211
batch_i 10 loss 16.408873081207275
batch_i 10 num_playouts 1000 win 4 lose 6 tie 0
batch_i 11 loss 15.492116928100586
batch_i 12 loss 14.307476043701172
batch_i 13 loss 13.265159606933594
batch_i 14 loss 12.347784519195557
batch_i 15 loss 11.266884803771973
batch_i 16 loss 10.283628463745117
batch_i 17 loss 9.255198001861572
batch_i 18 loss 8.227354526519775
batch_i 19 loss 7.264604091644287
batch_i 20 loss 6.352080345153809
batch_i 20 num_playouts 1000 win 8 lose 2 tie 0
batch_i 21 loss 5.32887601852417
batch_i 22 loss 4.445552349090576
batch_i 23 loss 3.430926322937012
batch_i 24 loss 2.368758201599121
batch_i 25 loss 1.5420074462890625
batch_i 26 loss 0.49128532409668
batch_i 27 loss 1.4800214767456055
batch_i 28 loss 2.513762950897217
batch_i 29 loss 2.482304573059082
batch_i 30 loss 2.563709735870361
batch_i 30 num_playouts 1000 win 10 lose 0 tie 0
batch_i 31 loss 2.568659782409668
batch_i 32 loss 2.560307502746582
batch_i 33 loss 2.558709144592285
batch_i 34 loss 2.566183090209961
batch_i 35 loss 3.5655436515808105
batch_i 36 loss 2.558903217315674
batch_i 37 loss 2.569738388061523
batch_i 38 loss 1.559535503387451
batch_i 39 loss 1.563045024871826
batch_i 40 loss 1.557260513305664
batch_i 40 num_playouts 2000 win 6 lose 4 tie 0
batch_i 41 loss 0.571255683898926
batch_i 42 loss 1.563064098358154
batch_i 43 loss 1.564120769500732
batch_i 44 loss 1.563823223114014
batch_i 45 loss 1.559784889221191
batch_i 46 loss 0.558099746704102
batch_i 47 loss 1.552862644195557
batch_i 48 loss 1.551654815673828
batch_i 49 loss 0.537397861480713
batch_i 50 loss 1.5628252029418945
batch_i 50 num_playouts 2000 win 9 lose 1 tie 0
batch_i 51 loss 1.566590785980225
batch_i 52 loss 1.5665998458862305
batch_i 53 loss 0.554781913757324
batch_i 54 loss 1.555576324462891
batch_i 55 loss 0.554901123046875
batch_i 56 loss 1.559431076049805
batch_i 57 loss 0.557226181030273
batch_i 58 loss 1.5610761642456055
batch_i 59 loss 0.554880142211914
batch_i 60 loss 0.558769226074219
batch_i 60 num_playouts 2000 win 10 lose 0 tie 0
batch_i 61 loss 1.549739837646484
batch_i 62 loss 1.551206111907959
batch_i 63 loss 4.560175895690918
batch_i 64 loss 0.558645725250244
batch_i 65 loss 4.558368682861328
batch_i 66 loss 2.554945945739746
batch_i 67 loss 4.552515983581543
batch_i 68 loss 0.557105541229248
batch_i 69 loss 2.5627899169921875
batch_i 70 loss 4.554888725280762
batch_i 70 num_playouts 3000 win 7 lose 3 tie 0
batch_i 71 loss 4.564705848693848
batch_i 72 loss 1.558077335357666
batch_i 73 loss 2.550860404968262
batch_i 74 loss 0.552160263061523
batch_i 75 loss 4.552416801452637
batch_i 76 loss 3.531415939331055
batch_i 77 loss 4.537117004394531
batch_i 78 loss 1.523556709289551
batch_i 79 loss 4.524880409240723
batch_i 80 loss 0.526883602142334
batch_i 80 num_playouts 3000 win 10 lose 0 tie 0
batch_i 81 loss 4.564705848693848
batch_i 82 loss 1.558077335357666
batch_i 83 loss 2.550860404968262
batch_i 84 loss 0.552160263061523
batch_i 85 loss 4.552416801452637
batch_i 86 loss 3.531415939331055
batch_i 87 loss 4.537117004394531
batch_i 88 loss 1.523556709289551
batch_i 89 loss 4.524880409240723
batch_i 90 loss 0.526883602142334
batch_i 90 num_playouts 4000 win 5 lose 5 tie 0
batch_i 91 loss 4.564705848693848
batch_i 92 loss 1.558077335357666
batch_i 93 loss 2.550860404968262
batch_i 94 loss 0.552160263061523
batch_i 95 loss 4.552416801452637
batch_i 96 loss 3.531415939331055
batch_i 97 loss 4.537117004394531
batch_i 98 loss 1.523556709289551
batch_i 99 loss 4.524880409240723
batch_i 100 loss 0.526883602142334
batch_i 100 num_playouts 4000 win 7 lose 3 tie 0
